{
  "RSpec": {
    "coverage": {
      "/Users/Fatime/Desktop/hatchways/work_order/spec/controllers/api/v1/orders_controller_spec.rb": [
        1,
        null,
        1,
        null,
        1,
        1,
        1,
        1,
        null,
        null,
        null,
        1,
        1,
        1,
        1,
        1,
        null,
        null,
        null,
        1,
        1,
        1,
        1,
        null,
        null,
        null
      ],
      "/Users/Fatime/Desktop/hatchways/work_order/spec/rails_helper.rb": [
        null,
        1,
        1,
        1,
        null,
        1,
        1,
        null,
        null,
        null,
        null,
        null,
        null,
        null,
        null,
        null,
        null,
        null,
        null,
        null,
        null,
        null,
        null,
        null,
        null,
        null,
        1,
        1,
        null,
        0,
        0,
        null,
        1,
        null,
        1,
        null,
        null,
        null,
        null,
        1,
        null,
        null,
        null,
        null,
        null,
        null,
        null,
        null,
        null,
        null,
        null,
        null,
        null,
        null,
        1,
        null,
        null,
        1,
        null,
        null,
        null
      ],
      "/Users/Fatime/Desktop/hatchways/work_order/config/environment.rb": [
        null,
        1,
        null,
        null,
        1
      ],
      "/Users/Fatime/Desktop/hatchways/work_order/config/application.rb": [
        1,
        null,
        1,
        null,
        null,
        null,
        1,
        null,
        1,
        1,
        null,
        null,
        null,
        null,
        null
      ],
      "/Users/Fatime/Desktop/hatchways/work_order/config/boot.rb": [
        1,
        null,
        1
      ],
      "/Users/Fatime/Desktop/hatchways/work_order/config/environments/test.rb": [
        1,
        null,
        null,
        null,
        null,
        null,
        null,
        1,
        null,
        null,
        null,
        null,
        1,
        null,
        null,
        1,
        1,
        null,
        null,
        null,
        null,
        1,
        1,
        null,
        null,
        1,
        null,
        null,
        1,
        1,
        null,
        null,
        null,
        null,
        1,
        null,
        null,
        1,
        null,
        null,
        null,
        null
      ],
      "/Users/Fatime/Desktop/hatchways/work_order/config/initializers/application_controller_renderer.rb": [
        null,
        null,
        null,
        null,
        null,
        null,
        null,
        null
      ],
      "/Users/Fatime/Desktop/hatchways/work_order/config/initializers/assets.rb": [
        null,
        null,
        null,
        1,
        null,
        null,
        null,
        null,
        null,
        null,
        null
      ],
      "/Users/Fatime/Desktop/hatchways/work_order/config/initializers/backtrace_silencers.rb": [
        null,
        null,
        null,
        null,
        null,
        null,
        null
      ],
      "/Users/Fatime/Desktop/hatchways/work_order/config/initializers/cookies_serializer.rb": [
        null,
        null,
        null,
        null,
        1
      ],
      "/Users/Fatime/Desktop/hatchways/work_order/config/initializers/filter_parameter_logging.rb": [
        null,
        null,
        null,
        1
      ],
      "/Users/Fatime/Desktop/hatchways/work_order/config/initializers/inflections.rb": [
        null,
        null,
        null,
        null,
        null,
        null,
        null,
        null,
        null,
        null,
        null,
        null,
        null,
        null,
        null,
        null
      ],
      "/Users/Fatime/Desktop/hatchways/work_order/config/initializers/mime_types.rb": [
        null,
        null,
        null,
        null
      ],
      "/Users/Fatime/Desktop/hatchways/work_order/config/initializers/new_framework_defaults.rb": [
        null,
        null,
        null,
        null,
        null,
        null,
        1,
        null,
        null,
        1,
        null,
        null,
        1,
        null,
        null,
        null,
        1,
        null,
        null,
        1,
        null,
        null,
        1,
        null,
        null,
        1
      ],
      "/Users/Fatime/Desktop/hatchways/work_order/config/initializers/session_store.rb": [
        null,
        null,
        1
      ],
      "/Users/Fatime/Desktop/hatchways/work_order/config/initializers/wrap_parameters.rb": [
        null,
        null,
        null,
        null,
        null,
        null,
        1,
        2,
        null,
        null,
        null,
        null,
        null,
        null
      ],
      "/Users/Fatime/Desktop/hatchways/work_order/spec/factories/orders.rb": [
        1,
        1,
        4,
        4,
        4,
        null,
        null,
        1,
        1,
        1,
        1,
        null,
        null
      ],
      "/Users/Fatime/Desktop/hatchways/work_order/spec/factories/workers.rb": [
        1,
        1,
        9,
        9,
        9,
        null,
        null,
        1,
        1,
        1,
        1,
        null,
        null
      ],
      "/Users/Fatime/Desktop/hatchways/work_order/config/routes.rb": [
        1,
        1,
        1,
        1,
        1,
        1,
        1,
        1,
        null,
        null,
        null,
        null
      ],
      "/Users/Fatime/Desktop/hatchways/work_order/app/controllers/api/v1/orders_controller.rb": [
        1,
        1,
        null,
        null,
        1,
        1,
        1,
        1,
        0,
        0,
        null,
        null,
        null,
        null,
        1,
        1,
        1,
        1,
        0,
        0,
        null,
        null,
        null,
        null,
        1,
        1,
        1,
        1,
        1,
        null,
        0,
        null,
        0,
        0,
        null,
        null,
        null,
        1,
        null,
        null,
        1,
        1,
        null,
        null,
        null,
        1,
        1,
        null,
        null
      ],
      "/Users/Fatime/Desktop/hatchways/work_order/app/controllers/application_controller.rb": [
        1,
        null,
        8,
        null
      ],
      "/Users/Fatime/Desktop/hatchways/work_order/spec/controllers/api/v1/workers_controller_spec.rb": [
        1,
        null,
        1,
        null,
        1,
        1,
        1,
        1,
        null,
        null,
        null,
        1,
        1,
        1,
        1,
        1,
        null,
        null,
        null,
        1,
        1,
        1,
        1,
        1,
        1,
        null,
        null,
        1,
        1,
        1,
        1,
        1,
        1,
        1,
        1,
        null,
        1,
        1,
        null,
        null,
        null
      ],
      "/Users/Fatime/Desktop/hatchways/work_order/app/controllers/api/v1/workers_controller.rb": [
        1,
        1,
        null,
        null,
        1,
        1,
        1,
        1,
        1,
        null,
        0,
        null,
        0,
        0,
        null,
        null,
        null,
        null,
        1,
        1,
        1,
        0,
        0,
        null,
        null,
        null,
        null,
        1,
        2,
        2,
        2,
        2,
        1,
        null,
        1,
        null,
        0,
        0,
        null,
        null,
        null,
        1,
        null,
        null,
        1,
        3,
        null,
        null,
        null,
        1,
        1,
        null,
        null
      ],
      "/Users/Fatime/Desktop/hatchways/work_order/spec/models/order_spec.rb": [
        1,
        null,
        1,
        null,
        null
      ],
      "/Users/Fatime/Desktop/hatchways/work_order/app/models/order.rb": [
        1,
        1,
        null
      ],
      "/Users/Fatime/Desktop/hatchways/work_order/app/models/application_record.rb": [
        1,
        1,
        null
      ],
      "/Users/Fatime/Desktop/hatchways/work_order/spec/models/worker_spec.rb": [
        1,
        null,
        1,
        null,
        null
      ],
      "/Users/Fatime/Desktop/hatchways/work_order/app/models/worker.rb": [
        1,
        1,
        1,
        1,
        null,
        1,
        null,
        1,
        11,
        1,
        null,
        null,
        null
      ]
    },
    "timestamp": 1562377166
  }
}
